{
  "RSpec": {
    "coverage": {
      "/Users/apprentice/rake_db_foxwich/app/helpers/application_helper.rb": [
        1,
        null
      ],
      "/Users/apprentice/rake_db_foxwich/app/models/analyzed_post.rb": [
        1,
        1,
        1,
        1,
        null,
        1,
        1,
        null
      ],
      "/Users/apprentice/rake_db_foxwich/app/models/keyword.rb": [
        1,
        1,
        1,
        1,
        1,
        null,
        1,
        null
      ],
      "/Users/apprentice/rake_db_foxwich/app/models/original_post.rb": [
        1,
        1,
        1,
        1,
        1,
        null,
        1,
        null
      ],
      "/Users/apprentice/rake_db_foxwich/app/models/rating.rb": [
        1,
        1,
        1,
        null,
        1,
        1,
        null
      ],
      "/Users/apprentice/rake_db_foxwich/app/models/reference_word.rb": [
        1,
        1,
        1,
        null,
        1,
        null
      ],
      "/Users/apprentice/rake_db_foxwich/app/models/school.rb": [
        1,
        1,
        1,
        null,
        1,
        1,
        1,
        null,
        null
      ],
      "/Users/apprentice/rake_db_foxwich/app/models/topic.rb": [
        1,
        1,
        null,
        1,
        1,
        null
      ],
      "/Users/apprentice/rake_db_foxwich/app/models/school_word_count.rb": [
        1,
        1,
        1,
        null,
        1,
        1,
        null,
        null
      ]
    },
    "timestamp": 1395506504
  }
}
